<?xml version="1.0" encoding="UTF-8"?>
<testng-results ignored="0" total="6" passed="5" failed="1" skipped="0">
  <reporter-output>
  </reporter-output>
  <suite started-at="2024-03-07T19:16:57 IST" name="Suite" finished-at="2024-03-07T19:32:10 IST" duration-ms="913660">
    <groups>
    </groups>
    <test started-at="2024-03-07T19:16:57 IST" name="Test" finished-at="2024-03-07T19:32:10 IST" duration-ms="913660">
      <class name="stcFour.BurgerMenu">
        <test-method is-config="true" signature="configureAppium()[pri:0, instance:stcFour.BurgerMenu@64b73e7a]" started-at="2024-03-07T19:25:51 IST" name="configureAppium" finished-at="2024-03-07T19:26:02 IST" duration-ms="11723" status="PASS">
          <reporter-output>
          </reporter-output>
        </test-method> <!-- configureAppium -->
        <test-method signature="sc_burgerMenuSettings()[pri:1, instance:stcFour.BurgerMenu@64b73e7a]" started-at="2024-03-07T19:26:02 IST" name="sc_burgerMenuSettings" finished-at="2024-03-07T19:30:33 IST" duration-ms="271101" status="PASS">
          <reporter-output>
          </reporter-output>
        </test-method> <!-- sc_burgerMenuSettings -->
        <test-method is-config="true" signature="tearDown()[pri:0, instance:stcFour.BurgerMenu@64b73e7a]" started-at="2024-03-07T19:30:33 IST" name="tearDown" finished-at="2024-03-07T19:30:36 IST" duration-ms="2444" status="PASS">
          <reporter-output>
          </reporter-output>
        </test-method> <!-- tearDown -->
      </class> <!-- stcFour.BurgerMenu -->
      <class name="stcFive.TC_09_E_Store">
        <test-method is-config="true" signature="configureAppium()[pri:0, instance:stcFive.TC_09_E_Store@2dc995f4]" started-at="2024-03-07T19:22:23 IST" name="configureAppium" finished-at="2024-03-07T19:22:38 IST" duration-ms="14431" status="PASS">
          <reporter-output>
          </reporter-output>
        </test-method> <!-- configureAppium -->
        <test-method signature="sc_GuestUser_E_Store()[pri:0, instance:stcFive.TC_09_E_Store@2dc995f4]" started-at="2024-03-07T19:22:38 IST" name="sc_GuestUser_E_Store" finished-at="2024-03-07T19:24:43 IST" duration-ms="125503" status="PASS">
          <reporter-output>
          </reporter-output>
        </test-method> <!-- sc_GuestUser_E_Store -->
        <test-method is-config="true" signature="tearDown()[pri:0, instance:stcFive.TC_09_E_Store@2dc995f4]" started-at="2024-03-07T19:24:43 IST" name="tearDown" finished-at="2024-03-07T19:24:46 IST" duration-ms="2383" status="PASS">
          <reporter-output>
          </reporter-output>
        </test-method> <!-- tearDown -->
      </class> <!-- stcFive.TC_09_E_Store -->
      <class name="stcFive.TC_08_MainDashBoard">
        <test-method is-config="true" signature="configureAppium()[pri:0, instance:stcFive.TC_08_MainDashBoard@4612b856]" started-at="2024-03-07T19:16:57 IST" name="configureAppium" finished-at="2024-03-07T19:17:09 IST" duration-ms="12664" status="PASS">
          <reporter-output>
          </reporter-output>
        </test-method> <!-- configureAppium -->
        <test-method signature="sc_GuestUser_MainDashBoard()[pri:0, instance:stcFive.TC_08_MainDashBoard@4612b856]" started-at="2024-03-07T19:17:09 IST" name="sc_GuestUser_MainDashBoard" finished-at="2024-03-07T19:22:21 IST" duration-ms="311578" status="PASS">
          <reporter-output>
          </reporter-output>
        </test-method> <!-- sc_GuestUser_MainDashBoard -->
        <test-method is-config="true" signature="tearDown()[pri:0, instance:stcFive.TC_08_MainDashBoard@4612b856]" started-at="2024-03-07T19:22:21 IST" name="tearDown" finished-at="2024-03-07T19:22:23 IST" duration-ms="2487" status="PASS">
          <reporter-output>
          </reporter-output>
        </test-method> <!-- tearDown -->
      </class> <!-- stcFive.TC_08_MainDashBoard -->
      <class name="stcFive.TC_10_Qitaf">
        <test-method is-config="true" signature="configureAppium()[pri:0, instance:stcFive.TC_10_Qitaf@2f40e5db]" started-at="2024-03-07T19:24:46 IST" name="configureAppium" finished-at="2024-03-07T19:25:03 IST" duration-ms="17177" status="PASS">
          <reporter-output>
          </reporter-output>
        </test-method> <!-- configureAppium -->
        <test-method signature="sc_Qitaf_Search_Reward_banner()[pri:1, instance:stcFive.TC_10_Qitaf@2f40e5db]" started-at="2024-03-07T19:25:03 IST" name="sc_Qitaf_Search_Reward_banner" finished-at="2024-03-07T19:25:29 IST" duration-ms="25904" status="PASS">
          <reporter-output>
          </reporter-output>
        </test-method> <!-- sc_Qitaf_Search_Reward_banner -->
        <test-method signature="sc_BurgerMenuOptions()[pri:2, instance:stcFive.TC_10_Qitaf@2f40e5db]" started-at="2024-03-07T19:25:29 IST" name="sc_BurgerMenuOptions" finished-at="2024-03-07T19:25:48 IST" duration-ms="19311" status="PASS">
          <reporter-output>
          </reporter-output>
        </test-method> <!-- sc_BurgerMenuOptions -->
        <test-method is-config="true" signature="tearDown()[pri:0, instance:stcFive.TC_10_Qitaf@2f40e5db]" started-at="2024-03-07T19:25:48 IST" name="tearDown" finished-at="2024-03-07T19:25:51 IST" duration-ms="2359" status="PASS">
          <reporter-output>
          </reporter-output>
        </test-method> <!-- tearDown -->
      </class> <!-- stcFive.TC_10_Qitaf -->
      <class name="stcFour.TC_13_Subscription_Upgrade_ComparePlan">
        <test-method is-config="true" signature="configureAppium()[pri:0, instance:stcFour.TC_13_Subscription_Upgrade_ComparePlan@530712d]" started-at="2024-03-07T19:30:36 IST" name="configureAppium" finished-at="2024-03-07T19:30:50 IST" duration-ms="14524" status="PASS">
          <reporter-output>
          </reporter-output>
        </test-method> <!-- configureAppium -->
        <test-method signature="sc_Subscription_Upgrade_ComparePlan()[pri:0, instance:stcFour.TC_13_Subscription_Upgrade_ComparePlan@530712d]" started-at="2024-03-07T19:30:50 IST" name="sc_Subscription_Upgrade_ComparePlan" finished-at="2024-03-07T19:32:07 IST" duration-ms="76895" status="FAIL">
          <exception class="org.openqa.selenium.NoSuchElementException">
            <message>
              <![CDATA[Can't locate an element by this strategy: By.chained({By.xpath: //android.widget.TextView[@text="Upgrade"]})]]>
            </message>
            <full-stacktrace>
              <![CDATA[org.openqa.selenium.NoSuchElementException: Can't locate an element by this strategy: By.chained({By.xpath: //android.widget.TextView[@text="Upgrade"]})
at io.appium.java_client.pagefactory.AppiumElementLocator.findElement(AppiumElementLocator.java:166)
at io.appium.java_client.pagefactory.interceptors.InterceptorOfASingleElement.call(InterceptorOfASingleElement.java:75)
at io.appium.java_client.proxy.Interceptor.intercept(Interceptor.java:78)
at org.openqa.selenium.remote.RemoteWebElement$ByteBuddy$Hgo7AQFW.click(Unknown Source)
at org.stc.pageObjects.androidTwo.UnBilledAmountPage.setUpgrade(UnBilledAmountPage.java:150)
at stcFour.TC_13_Subscription_Upgrade_ComparePlan.sc_Subscription_Upgrade_ComparePlan(TC_13_Subscription_Upgrade_ComparePlan.java:36)
at java.base/jdk.internal.reflect.NativeMethodAccessorImpl.invoke0(Native Method)
at java.base/jdk.internal.reflect.NativeMethodAccessorImpl.invoke(NativeMethodAccessorImpl.java:77)
at java.base/jdk.internal.reflect.DelegatingMethodAccessorImpl.invoke(DelegatingMethodAccessorImpl.java:43)
at java.base/java.lang.reflect.Method.invoke(Method.java:568)
at org.testng.internal.invokers.MethodInvocationHelper.invokeMethod(MethodInvocationHelper.java:139)
at org.testng.internal.invokers.TestInvoker.invokeMethod(TestInvoker.java:664)
at org.testng.internal.invokers.TestInvoker.invokeTestMethod(TestInvoker.java:227)
at org.testng.internal.invokers.MethodRunner.runInSequence(MethodRunner.java:50)
at org.testng.internal.invokers.TestInvoker$MethodInvocationAgent.invoke(TestInvoker.java:957)
at org.testng.internal.invokers.TestInvoker.invokeTestMethods(TestInvoker.java:200)
at org.testng.internal.invokers.TestMethodWorker.invokeTestMethods(TestMethodWorker.java:148)
at org.testng.internal.invokers.TestMethodWorker.run(TestMethodWorker.java:128)
at java.base/java.util.ArrayList.forEach(ArrayList.java:1511)
at org.testng.TestRunner.privateRun(TestRunner.java:848)
at org.testng.TestRunner.run(TestRunner.java:621)
at org.testng.SuiteRunner.runTest(SuiteRunner.java:443)
at org.testng.SuiteRunner.runSequentially(SuiteRunner.java:437)
at org.testng.SuiteRunner.privateRun(SuiteRunner.java:397)
at org.testng.SuiteRunner.run(SuiteRunner.java:336)
at org.testng.SuiteRunnerWorker.runSuite(SuiteRunnerWorker.java:52)
at org.testng.SuiteRunnerWorker.run(SuiteRunnerWorker.java:95)
at org.testng.TestNG.runSuitesSequentially(TestNG.java:1280)
at org.testng.TestNG.runSuitesLocally(TestNG.java:1200)
at org.testng.TestNG.runSuites(TestNG.java:1114)
at org.testng.TestNG.run(TestNG.java:1082)
at org.testng.remote.AbstractRemoteTestNG.run(AbstractRemoteTestNG.java:115)
at org.testng.remote.RemoteTestNG.initAndRun(RemoteTestNG.java:251)
at org.testng.remote.RemoteTestNG.main(RemoteTestNG.java:77)
Caused by: org.openqa.selenium.TimeoutException: Expected condition failed: waiting for io.appium.java_client.pagefactory.AppiumElementLocator$WaitingFunction@14acccf1 (tried for 1 second(s) with 500 milliseconds interval)
at org.openqa.selenium.support.ui.FluentWait.timeoutException(FluentWait.java:265)
at org.openqa.selenium.support.ui.FluentWait.until(FluentWait.java:228)
at io.appium.java_client.pagefactory.AppiumElementLocator.waitFor(AppiumElementLocator.java:135)
at io.appium.java_client.pagefactory.AppiumElementLocator.findElement(AppiumElementLocator.java:160)
... 33 more
Caused by: org.openqa.selenium.NoSuchElementException: Cannot locate an element using By.chained({By.xpath: //android.widget.TextView[@text="Upgrade"]})
For documentation on this error, please visit: https://www.selenium.dev/documentation/webdriver/troubleshooting/errors#no-such-element-exception
Build info: version: '4.18.1', revision: 'b1d3319b48'
System info: os.name: 'Windows 11', os.arch: 'amd64', os.version: '10.0', java.version: '17.0.9'
Driver info: driver.version: RemoteWebDriver
at io.appium.java_client.pagefactory.bys.builder.ByChained.findElement(ByChained.java:74)
at org.openqa.selenium.remote.ElementLocation$ElementFinder$1.findElement(ElementLocation.java:139)
at org.openqa.selenium.remote.ElementLocation.findElement(ElementLocation.java:59)
at org.openqa.selenium.remote.RemoteWebDriver.findElement(RemoteWebDriver.java:356)
at org.openqa.selenium.remote.RemoteWebDriver.findElement(RemoteWebDriver.java:350)
at io.appium.java_client.pagefactory.bys.ContentMappedBy.findElement(ContentMappedBy.java:53)
at org.openqa.selenium.remote.ElementLocation$ElementFinder$1.findElement(ElementLocation.java:139)
at org.openqa.selenium.remote.ElementLocation.findElement(ElementLocation.java:59)
at org.openqa.selenium.remote.RemoteWebDriver.findElement(RemoteWebDriver.java:356)
at org.openqa.selenium.remote.RemoteWebDriver.findElement(RemoteWebDriver.java:350)
at io.appium.java_client.pagefactory.AppiumElementLocator.lambda$findElement$1(AppiumElementLocator.java:160)
at io.appium.java_client.pagefactory.AppiumElementLocator$WaitingFunction.apply(AppiumElementLocator.java:217)
at io.appium.java_client.pagefactory.AppiumElementLocator$WaitingFunction.apply(AppiumElementLocator.java:210)
at org.openqa.selenium.support.ui.FluentWait.until(FluentWait.java:203)
... 35 more
]]>
            </full-stacktrace>
          </exception> <!-- org.openqa.selenium.NoSuchElementException -->
          <reporter-output>
          </reporter-output>
        </test-method> <!-- sc_Subscription_Upgrade_ComparePlan -->
        <test-method is-config="true" signature="tearDown()[pri:0, instance:stcFour.TC_13_Subscription_Upgrade_ComparePlan@530712d]" started-at="2024-03-07T19:32:08 IST" name="tearDown" finished-at="2024-03-07T19:32:10 IST" duration-ms="2356" status="PASS">
          <reporter-output>
          </reporter-output>
        </test-method> <!-- tearDown -->
      </class> <!-- stcFour.TC_13_Subscription_Upgrade_ComparePlan -->
    </test> <!-- Test -->
  </suite> <!-- Suite -->
</testng-results>
